c:\users\rylynn\source\repos\15pb\chatroomclient\debug\chatroomclient.pch
c:\users\rylynn\source\repos\15pb\chatroomclient\debug\vc141.pdb
c:\users\rylynn\source\repos\15pb\chatroomclient\debug\vc141.idb
c:\users\rylynn\source\repos\15pb\chatroomclient\debug\stdafx.obj
c:\users\rylynn\source\repos\15pb\chatroomclient\debug\data.obj
c:\users\rylynn\source\repos\15pb\chatroomclient\debug\client.obj
c:\users\rylynn\source\repos\15pb\chatroomclient\debug\chatroomclientdlg.obj
c:\users\rylynn\source\repos\15pb\chatroomclient\debug\chatroomclient.obj
c:\users\rylynn\source\repos\15pb\chatroomclient\debug\cchatzone.obj
c:\users\rylynn\source\repos\15pb\chatroomclient\debug\chatroomclient.res
c:\users\rylynn\source\repos\15pb\chatroomclient\debug\client.obj.enc
c:\users\rylynn\source\repos\15pb\debug\chatroomclient.pdb
c:\users\rylynn\source\repos\15pb\debug\chatroomclient.exe
c:\users\rylynn\source\repos\15pb\debug\chatroomclient.ilk
c:\users\rylynn\source\repos\15pb\chatroomclient\debug\chatroomclient.tlog\cl.command.1.tlog
c:\users\rylynn\source\repos\15pb\chatroomclient\debug\chatroomclient.tlog\cl.read.1.tlog
c:\users\rylynn\source\repos\15pb\chatroomclient\debug\chatroomclient.tlog\cl.write.1.tlog
c:\users\rylynn\source\repos\15pb\chatroomclient\debug\chatroomclient.tlog\link.command.1.tlog
c:\users\rylynn\source\repos\15pb\chatroomclient\debug\chatroomclient.tlog\link.read.1.tlog
c:\users\rylynn\source\repos\15pb\chatroomclient\debug\chatroomclient.tlog\link.write.1.tlog
c:\users\rylynn\source\repos\15pb\chatroomclient\debug\chatroomclient.tlog\rc.command.1.tlog
c:\users\rylynn\source\repos\15pb\chatroomclient\debug\chatroomclient.tlog\rc.read.1.tlog
c:\users\rylynn\source\repos\15pb\chatroomclient\debug\chatroomclient.tlog\rc.write.1.tlog
